<?xml version="1.0" encoding="UTF-8"?>
<!-- Generated by org.testng.reporters.JUnitReportReporter -->
<testsuite hostname="DEVSAVANT-PC282" failures="0" tests="1" name="holafly.AppiumAutomation.AccountSettings" time="18.050" errors="0" timestamp="2024-10-30T04:22:41 GMT-04:00" skipped="0">
  <testcase classname="holafly.AppiumAutomation.AccountSettings" name="changeAccountLanguageToEnglish" time="18.050"/>
  <system-out/>
</testsuite> <!-- holafly.AppiumAutomation.AccountSettings -->
